[
  {
    "Id": 10016,
    "Version": 0,
    "Qualifiers": 0,
    "Level": 3,
    "Task": 0,
    "Opcode": 0,
    "Keywords": -9187343239835811840,
    "RecordId": 171886,
    "ProviderName": "Microsoft-Windows-DistributedCOM",
    "ProviderId": "1b562e86-b7aa-4131-badc-b6f3a001407e",
    "LogName": "System",
    "ProcessId": 2628,
    "ThreadId": 3332,
    "MachineName": "Zoltrak",
    "UserId": {
      "BinaryLength": 28,
      "AccountDomainSid": {
        "BinaryLength": 24,
        "AccountDomainSid": "S-1-5-21-3203257152-2331887101-834181571",
        "Value": "S-1-5-21-3203257152-2331887101-834181571"
      },
      "Value": "S-1-5-21-3203257152-2331887101-834181571-1001"
    },
    "TimeCreated": "2026-09-05T23:17:50.7768944+02:00",
    "ActivityId": null,
    "RelatedActivityId": null,
    "ContainerLog": "System",
    "MatchedQueryIds": [
      0
    ],
    "Bookmark": {
      "BookmarkXml": "<BookmarkList Direction='backward'>\r\n  <Bookmark Channel='System' RecordId='171886' IsCurrent='true'/>\r\n</BookmarkList>"
    },
    "LevelDisplayName": "Warnung",
    "OpcodeDisplayName": "Info",
    "TaskDisplayName": null,
    "KeywordsDisplayNames": [
      "Klassisch"
    ],
    "Properties": [
      {
        "Value": "Anwendungsspezifisch"
      },
      {
        "Value": "Lokal"
      },
      {
        "Value": "Start"
      },
      {
        "Value": "Windows.SecurityCenter.WscCloudBackupProvider"
      },
      {
        "Value": "Nicht verfügbar"
      },
      {
        "Value": "Zoltrak"
      },
      {
        "Value": "Sebas"
      },
      {
        "Value": "S-1-5-21-3203257152-2331887101-834181571-1001"
      },
      {
        "Value": "LocalHost (unter Verwendung von LRPC)"
      },
      {
        "Value": "Nicht verfügbar"
      },
      {
        "Value": "Nicht verfügbar"
      }
    ],
    "Message": "Durch die Berechtigungseinstellungen für \"Anwendungsspezifisch\" wird dem Benutzer \"Zoltrak\\Sebas\" (SID: S-1-5-21-3203257152-2331887101-834181571-1001) unter der Adresse \"LocalHost (unter Verwendung von LRPC)\" keine Berechtigung vom Typ \"Lokal Start\" für die COM-Serveranwendung mit der CLSID \r\nWindows.SecurityCenter.WscCloudBackupProvider\r\n und der APPID \r\nNicht verfügbar\r\n im Anwendungscontainer \"Nicht verfügbar\" (SID: Nicht verfügbar) gewährt. Die Sicherheitsberechtigung kann mit dem Verwaltungstool für Komponentendienste geändert werden."
  },
  {
    "Id": 10016,
    "Version": 0,
    "Qualifiers": 0,
    "Level": 3,
    "Task": 0,
    "Opcode": 0,
    "Keywords": -9187343239835811840,
    "RecordId": 171885,
    "ProviderName": "Microsoft-Windows-DistributedCOM",
    "ProviderId": "1b562e86-b7aa-4131-badc-b6f3a001407e",
    "LogName": "System",
    "ProcessId": 2628,
    "ThreadId": 2672,
    "MachineName": "Zoltrak",
    "UserId": {
      "BinaryLength": 28,
      "AccountDomainSid": {
        "BinaryLength": 24,
        "AccountDomainSid": "S-1-5-21-3203257152-2331887101-834181571",
        "Value": "S-1-5-21-3203257152-2331887101-834181571"
      },
      "Value": "S-1-5-21-3203257152-2331887101-834181571-1001"
    },
    "TimeCreated": "2026-09-05T23:17:49.9458896+02:00",
    "ActivityId": null,
    "RelatedActivityId": null,
    "ContainerLog": "System",
    "MatchedQueryIds": [
      0
    ],
    "Bookmark": {
      "BookmarkXml": "<BookmarkList Direction='backward'>\r\n  <Bookmark Channel='System' RecordId='171885' IsCurrent='true'/>\r\n</BookmarkList>"
    },
    "LevelDisplayName": "Warnung",
    "OpcodeDisplayName": "Info",
    "TaskDisplayName": null,
    "KeywordsDisplayNames": [
      "Klassisch"
    ],
    "Properties": [
      {
        "Value": "Anwendungsspezifisch"
      },
      {
        "Value": "Lokal"
      },
      {
        "Value": "Start"
      },
      {
        "Value": "Windows.SecurityCenter.WscCloudBackupProvider"
      },
      {
        "Value": "Nicht verfügbar"
      },
      {
        "Value": "Zoltrak"
      },
      {
        "Value": "Sebas"
      },
      {
        "Value": "S-1-5-21-3203257152-2331887101-834181571-1001"
      },
      {
        "Value": "LocalHost (unter Verwendung von LRPC)"
      },
      {
        "Value": "Nicht verfügbar"
      },
      {
        "Value": "Nicht verfügbar"
      }
    ],
    "Message": "Durch die Berechtigungseinstellungen für \"Anwendungsspezifisch\" wird dem Benutzer \"Zoltrak\\Sebas\" (SID: S-1-5-21-3203257152-2331887101-834181571-1001) unter der Adresse \"LocalHost (unter Verwendung von LRPC)\" keine Berechtigung vom Typ \"Lokal Start\" für die COM-Serveranwendung mit der CLSID \r\nWindows.SecurityCenter.WscCloudBackupProvider\r\n und der APPID \r\nNicht verfügbar\r\n im Anwendungscontainer \"Nicht verfügbar\" (SID: Nicht verfügbar) gewährt. Die Sicherheitsberechtigung kann mit dem Verwaltungstool für Komponentendienste geändert werden."
  },
  {
    "Id": 10016,
    "Version": 0,
    "Qualifiers": 0,
    "Level": 3,
    "Task": 0,
    "Opcode": 0,
    "Keywords": -9187343239835811840,
    "RecordId": 171884,
    "ProviderName": "Microsoft-Windows-DistributedCOM",
    "ProviderId": "1b562e86-b7aa-4131-badc-b6f3a001407e",
    "LogName": "System",
    "ProcessId": 2628,
    "ThreadId": 2672,
    "MachineName": "Zoltrak",
    "UserId": {
      "BinaryLength": 28,
      "AccountDomainSid": {
        "BinaryLength": 24,
        "AccountDomainSid": "S-1-5-21-3203257152-2331887101-834181571",
        "Value": "S-1-5-21-3203257152-2331887101-834181571"
      },
      "Value": "S-1-5-21-3203257152-2331887101-834181571-1001"
    },
    "TimeCreated": "2026-09-05T23:17:49.0307375+02:00",
    "ActivityId": null,
    "RelatedActivityId": null,
    "ContainerLog": "System",
    "MatchedQueryIds": [
      0
    ],
    "Bookmark": {
      "BookmarkXml": "<BookmarkList Direction='backward'>\r\n  <Bookmark Channel='System' RecordId='171884' IsCurrent='true'/>\r\n</BookmarkList>"
    },
    "LevelDisplayName": "Warnung",
    "OpcodeDisplayName": "Info",
    "TaskDisplayName": null,
    "KeywordsDisplayNames": [
      "Klassisch"
    ],
    "Properties": [
      {
        "Value": "Anwendungsspezifisch"
      },
      {
        "Value": "Lokal"
      },
      {
        "Value": "Start"
      },
      {
        "Value": "Windows.SecurityCenter.WscCloudBackupProvider"
      },
      {
        "Value": "Nicht verfügbar"
      },
      {
        "Value": "Zoltrak"
      },
      {
        "Value": "Sebas"
      },
      {
        "Value": "S-1-5-21-3203257152-2331887101-834181571-1001"
      },
      {
        "Value": "LocalHost (unter Verwendung von LRPC)"
      },
      {
        "Value": "Nicht verfügbar"
      },
      {
        "Value": "Nicht verfügbar"
      }
    ],
    "Message": "Durch die Berechtigungseinstellungen für \"Anwendungsspezifisch\" wird dem Benutzer \"Zoltrak\\Sebas\" (SID: S-1-5-21-3203257152-2331887101-834181571-1001) unter der Adresse \"LocalHost (unter Verwendung von LRPC)\" keine Berechtigung vom Typ \"Lokal Start\" für die COM-Serveranwendung mit der CLSID \r\nWindows.SecurityCenter.WscCloudBackupProvider\r\n und der APPID \r\nNicht verfügbar\r\n im Anwendungscontainer \"Nicht verfügbar\" (SID: Nicht verfügbar) gewährt. Die Sicherheitsberechtigung kann mit dem Verwaltungstool für Komponentendienste geändert werden."
  },
  {
    "Id": 10016,
    "Version": 0,
    "Qualifiers": 0,
    "Level": 3,
    "Task": 0,
    "Opcode": 0,
    "Keywords": -9187343239835811840,
    "RecordId": 171883,
    "ProviderName": "Microsoft-Windows-DistributedCOM",
    "ProviderId": "1b562e86-b7aa-4131-badc-b6f3a001407e",
    "LogName": "System",
    "ProcessId": 2628,
    "ThreadId": 6692,
    "MachineName": "Zoltrak",
    "UserId": {
      "BinaryLength": 28,
      "AccountDomainSid": {
        "BinaryLength": 24,
        "AccountDomainSid": "S-1-5-21-3203257152-2331887101-834181571",
        "Value": "S-1-5-21-3203257152-2331887101-834181571"
      },
      "Value": "S-1-5-21-3203257152-2331887101-834181571-1001"
    },
    "TimeCreated": "2026-09-05T23:17:40.6966287+02:00",
    "ActivityId": null,
    "RelatedActivityId": null,
    "ContainerLog": "System",
    "MatchedQueryIds": [
      0
    ],
    "Bookmark": {
      "BookmarkXml": "<BookmarkList Direction='backward'>\r\n  <Bookmark Channel='System' RecordId='171883' IsCurrent='true'/>\r\n</BookmarkList>"
    },
    "LevelDisplayName": "Warnung",
    "OpcodeDisplayName": "Info",
    "TaskDisplayName": null,
    "KeywordsDisplayNames": [
      "Klassisch"
    ],
    "Properties": [
      {
        "Value": "Anwendungsspezifisch"
      },
      {
        "Value": "Lokal"
      },
      {
        "Value": "Start"
      },
      {
        "Value": "Windows.SecurityCenter.WscCloudBackupProvider"
      },
      {
        "Value": "Nicht verfügbar"
      },
      {
        "Value": "Zoltrak"
      },
      {
        "Value": "Sebas"
      },
      {
        "Value": "S-1-5-21-3203257152-2331887101-834181571-1001"
      },
      {
        "Value": "LocalHost (unter Verwendung von LRPC)"
      },
      {
        "Value": "Nicht verfügbar"
      },
      {
        "Value": "Nicht verfügbar"
      }
    ],
    "Message": "Durch die Berechtigungseinstellungen für \"Anwendungsspezifisch\" wird dem Benutzer \"Zoltrak\\Sebas\" (SID: S-1-5-21-3203257152-2331887101-834181571-1001) unter der Adresse \"LocalHost (unter Verwendung von LRPC)\" keine Berechtigung vom Typ \"Lokal Start\" für die COM-Serveranwendung mit der CLSID \r\nWindows.SecurityCenter.WscCloudBackupProvider\r\n und der APPID \r\nNicht verfügbar\r\n im Anwendungscontainer \"Nicht verfügbar\" (SID: Nicht verfügbar) gewährt. Die Sicherheitsberechtigung kann mit dem Verwaltungstool für Komponentendienste geändert werden."
  },
  {
    "Id": 6062,
    "Version": 0,
    "Qualifiers": 32768,
    "Level": 3,
    "Task": 0,
    "Opcode": 0,
    "Keywords": 36028797018963968,
    "RecordId": 171881,
    "ProviderName": "Netwaw16",
    "ProviderId": null,
    "LogName": "System",
    "ProcessId": 4,
    "ThreadId": 580,
    "MachineName": "Zoltrak",
    "UserId": null,
    "TimeCreated": "2026-09-05T23:17:36.749131+02:00",
    "ActivityId": null,
    "RelatedActivityId": null,
    "ContainerLog": "System",
    "MatchedQueryIds": [
      0
    ],
    "Bookmark": {
      "BookmarkXml": "<BookmarkList Direction='backward'>\r\n  <Bookmark Channel='System' RecordId='171881' IsCurrent='true'/>\r\n</BookmarkList>"
    },
    "LevelDisplayName": "Warnung",
    "OpcodeDisplayName": null,
    "TaskDisplayName": "Kein",
    "KeywordsDisplayNames": [
      "Klassisch"
    ],
    "Properties": [
      {
        "Value": ""
      },
      {
        "Value": "0 0 0 0 1 0 0 0 0 0 0 0 174 23 0 128 0 0 0 0 0 0 0 0 0 0 0 0 0 0 0 0 0 0 0 0 0 0 0 0"
      }
    ],
    "Message": null
  },
  {
    "Id": 10016,
    "Version": 0,
    "Qualifiers": 0,
    "Level": 3,
    "Task": 0,
    "Opcode": 0,
    "Keywords": -9187343239835811840,
    "RecordId": 171880,
    "ProviderName": "Microsoft-Windows-DistributedCOM",
    "ProviderId": "1b562e86-b7aa-4131-badc-b6f3a001407e",
    "LogName": "System",
    "ProcessId": 2628,
    "ThreadId": 2672,
    "MachineName": "Zoltrak",
    "UserId": {
      "BinaryLength": 12,
      "AccountDomainSid": null,
      "Value": "S-1-5-19"
    },
    "TimeCreated": "2026-09-05T23:17:29.7837913+02:00",
    "ActivityId": null,
    "RelatedActivityId": null,
    "ContainerLog": "System",
    "MatchedQueryIds": [
      0
    ],
    "Bookmark": {
      "BookmarkXml": "<BookmarkList Direction='backward'>\r\n  <Bookmark Channel='System' RecordId='171880' IsCurrent='true'/>\r\n</BookmarkList>"
    },
    "LevelDisplayName": "Warnung",
    "OpcodeDisplayName": "Info",
    "TaskDisplayName": null,
    "KeywordsDisplayNames": [
      "Klassisch"
    ],
    "Properties": [
      {
        "Value": "Anwendungsspezifisch"
      },
      {
        "Value": "Lokal"
      },
      {
        "Value": "Aktivierung"
      },
      {
        "Value": "{00000000-0000-0000-0000-000000000000}"
      },
      {
        "Value": "{4839DDB7-58C2-48F5-8283-E1D1807D0D7D}"
      },
      {
        "Value": "NT-AUTORITÄT"
      },
      {
        "Value": "Lokaler Dienst"
      },
      {
        "Value": "S-1-5-19"
      },
      {
        "Value": "LocalHost (unter Verwendung von LRPC)"
      },
      {
        "Value": "Nicht verfügbar"
      },
      {
        "Value": "Nicht verfügbar"
      }
    ],
    "Message": "Durch die Berechtigungseinstellungen für \"Anwendungsspezifisch\" wird dem Benutzer \"NT-AUTORITÄT\\Lokaler Dienst\" (SID: S-1-5-19) unter der Adresse \"LocalHost (unter Verwendung von LRPC)\" keine Berechtigung vom Typ \"Lokal Aktivierung\" für die COM-Serveranwendung mit der CLSID \r\n{00000000-0000-0000-0000-000000000000}\r\n und der APPID \r\n{4839DDB7-58C2-48F5-8283-E1D1807D0D7D}\r\n im Anwendungscontainer \"Nicht verfügbar\" (SID: Nicht verfügbar) gewährt. Die Sicherheitsberechtigung kann mit dem Verwaltungstool für Komponentendienste geändert werden."
  },
  {
    "Id": 10016,
    "Version": 0,
    "Qualifiers": 0,
    "Level": 3,
    "Task": 0,
    "Opcode": 0,
    "Keywords": -9187343239835811840,
    "RecordId": 171879,
    "ProviderName": "Microsoft-Windows-DistributedCOM",
    "ProviderId": "1b562e86-b7aa-4131-badc-b6f3a001407e",
    "LogName": "System",
    "ProcessId": 2628,
    "ThreadId": 2656,
    "MachineName": "Zoltrak",
    "UserId": {
      "BinaryLength": 12,
      "AccountDomainSid": null,
      "Value": "S-1-5-19"
    },
    "TimeCreated": "2026-09-05T23:17:29.7837913+02:00",
    "ActivityId": null,
    "RelatedActivityId": null,
    "ContainerLog": "System",
    "MatchedQueryIds": [
      0
    ],
    "Bookmark": {
      "BookmarkXml": "<BookmarkList Direction='backward'>\r\n  <Bookmark Channel='System' RecordId='171879' IsCurrent='true'/>\r\n</BookmarkList>"
    },
    "LevelDisplayName": "Warnung",
    "OpcodeDisplayName": "Info",
    "TaskDisplayName": null,
    "KeywordsDisplayNames": [
      "Klassisch"
    ],
    "Properties": [
      {
        "Value": "Anwendungsspezifisch"
      },
      {
        "Value": "Lokal"
      },
      {
        "Value": "Aktivierung"
      },
      {
        "Value": "{00000000-0000-0000-0000-000000000000}"
      },
      {
        "Value": "{4839DDB7-58C2-48F5-8283-E1D1807D0D7D}"
      },
      {
        "Value": "NT-AUTORITÄT"
      },
      {
        "Value": "Lokaler Dienst"
      },
      {
        "Value": "S-1-5-19"
      },
      {
        "Value": "LocalHost (unter Verwendung von LRPC)"
      },
      {
        "Value": "Nicht verfügbar"
      },
      {
        "Value": "Nicht verfügbar"
      }
    ],
    "Message": "Durch die Berechtigungseinstellungen für \"Anwendungsspezifisch\" wird dem Benutzer \"NT-AUTORITÄT\\Lokaler Dienst\" (SID: S-1-5-19) unter der Adresse \"LocalHost (unter Verwendung von LRPC)\" keine Berechtigung vom Typ \"Lokal Aktivierung\" für die COM-Serveranwendung mit der CLSID \r\n{00000000-0000-0000-0000-000000000000}\r\n und der APPID \r\n{4839DDB7-58C2-48F5-8283-E1D1807D0D7D}\r\n im Anwendungscontainer \"Nicht verfügbar\" (SID: Nicht verfügbar) gewährt. Die Sicherheitsberechtigung kann mit dem Verwaltungstool für Komponentendienste geändert werden."
  },
  {
    "Id": 7009,
    "Version": 0,
    "Qualifiers": 49152,
    "Level": 2,
    "Task": 0,
    "Opcode": 0,
    "Keywords": -9187343239835811840,
    "RecordId": 171845,
    "ProviderName": "Service Control Manager",
    "ProviderId": "555908d1-a6d7-4695-8e1e-26931d2012f4",
    "LogName": "System",
    "ProcessId": 2140,
    "ThreadId": 6148,
    "MachineName": "Zoltrak",
    "UserId": null,
    "TimeCreated": "2026-09-05T23:17:16.1820827+02:00",
    "ActivityId": null,
    "RelatedActivityId": null,
    "ContainerLog": "System",
    "MatchedQueryIds": [
      0
    ],
    "Bookmark": {
      "BookmarkXml": "<BookmarkList Direction='backward'>\r\n  <Bookmark Channel='System' RecordId='171845' IsCurrent='true'/>\r\n</BookmarkList>"
    },
    "LevelDisplayName": "Fehler",
    "OpcodeDisplayName": null,
    "TaskDisplayName": null,
    "KeywordsDisplayNames": [
      "Klassisch"
    ],
    "Properties": [
      {
        "Value": "45000"
      },
      {
        "Value": "Intel(R) Platform License Manager Service"
      },
      {
        "Value": "73 0 110 0 116 0 101 0 108 0 40 0 82 0 41 0 32 0 80 0 108 0 97 0 116 0 102 0 111 0 114 0 109 0 32 0 76 0 105 0 99 0 101 0 110 0 115 0 101 0 32 0 77 0 97 0 110 0 97 0 103 0 101 0 114 0 32 0 83 0 101 0 114 0 118 0 105 0 99 0 101 0 0 0"
      }
    ],
    "Message": "Das Zeitlimit (45000 ms) wurde beim Verbindungsversuch mit dem Dienst Intel(R) Platform License Manager Service erreicht."
  },
  {
    "Id": 16,
    "Version": 0,
    "Qualifiers": 0,
    "Level": 0,
    "Task": 1,
    "Opcode": 0,
    "Keywords": 36028797018963968,
    "RecordId": 171833,
    "ProviderName": "Killer Network Service",
    "ProviderId": null,
    "LogName": "System",
    "ProcessId": 2896,
    "ThreadId": 0,
    "MachineName": "Zoltrak",
    "UserId": null,
    "TimeCreated": "2026-09-05T23:17:16.202604+02:00",
    "ActivityId": null,
    "RelatedActivityId": null,
    "ContainerLog": "System",
    "MatchedQueryIds": [
      0
    ],
    "Bookmark": {
      "BookmarkXml": "<BookmarkList Direction='backward'>\r\n  <Bookmark Channel='System' RecordId='171833' IsCurrent='true'/>\r\n</BookmarkList>"
    },
    "LevelDisplayName": "Informationen",
    "OpcodeDisplayName": "Info",
    "TaskDisplayName": "Service State Event",
    "KeywordsDisplayNames": [
      "Klassisch"
    ],
    "Properties": [
      {
        "Value": "Service Starting"
      }
    ],
    "Message": "Service Starting"
  },
  {
    "Id": 16,
    "Version": 0,
    "Qualifiers": 0,
    "Level": 0,
    "Task": 1,
    "Opcode": 0,
    "Keywords": 36028797018963968,
    "RecordId": 171831,
    "ProviderName": "Killer Analytics Service",
    "ProviderId": null,
    "LogName": "System",
    "ProcessId": 6360,
    "ThreadId": 0,
    "MachineName": "Zoltrak",
    "UserId": null,
    "TimeCreated": "2026-09-05T23:17:16.1033815+02:00",
    "ActivityId": null,
    "RelatedActivityId": null,
    "ContainerLog": "System",
    "MatchedQueryIds": [
      0
    ],
    "Bookmark": {
      "BookmarkXml": "<BookmarkList Direction='backward'>\r\n  <Bookmark Channel='System' RecordId='171831' IsCurrent='true'/>\r\n</BookmarkList>"
    },
    "LevelDisplayName": null,
    "OpcodeDisplayName": null,
    "TaskDisplayName": null,
    "KeywordsDisplayNames": null,
    "Properties": [
      {
        "Value": "Service Starting"
      }
    ],
    "Message": null
  },
  {
    "Id": 10016,
    "Version": 0,
    "Qualifiers": 0,
    "Level": 3,
    "Task": 0,
    "Opcode": 0,
    "Keywords": -9187343239835811840,
    "RecordId": 171812,
    "ProviderName": "Microsoft-Windows-DistributedCOM",
    "ProviderId": "1b562e86-b7aa-4131-badc-b6f3a001407e",
    "LogName": "System",
    "ProcessId": 2628,
    "ThreadId": 2640,
    "MachineName": "Zoltrak",
    "UserId": {
      "BinaryLength": 12,
      "AccountDomainSid": null,
      "Value": "S-1-5-20"
    },
    "TimeCreated": "2026-09-05T23:17:16.0021229+02:00",
    "ActivityId": "e1453468-3d7b-000b-473a-45e17b3ddd01",
    "RelatedActivityId": null,
    "ContainerLog": "System",
    "MatchedQueryIds": [
      0
    ],
    "Bookmark": {
      "BookmarkXml": "<BookmarkList Direction='backward'>\r\n  <Bookmark Channel='System' RecordId='171812' IsCurrent='true'/>\r\n</BookmarkList>"
    },
    "LevelDisplayName": "Warnung",
    "OpcodeDisplayName": "Info",
    "TaskDisplayName": null,
    "KeywordsDisplayNames": [
      "Klassisch"
    ],
    "Properties": [
      {
        "Value": "Anwendungsspezifisch"
      },
      {
        "Value": "Lokal"
      },
      {
        "Value": "Aktivierung"
      },
      {
        "Value": "{9EA82395-E31B-41CA-8DF7-EC1CEE7194DF}"
      },
      {
        "Value": "{2ED83BAA-B2FD-43B1-99BF-E6149C622692}"
      },
      {
        "Value": "NT-AUTORITÄT"
      },
      {
        "Value": "Netzwerkdienst"
      },
      {
        "Value": "S-1-5-20"
      },
      {
        "Value": "LocalHost (unter Verwendung von LRPC)"
      },
      {
        "Value": "Nicht verfügbar"
      },
      {
        "Value": "Nicht verfügbar"
      }
    ],
    "Message": "Durch die Berechtigungseinstellungen für \"Anwendungsspezifisch\" wird dem Benutzer \"NT-AUTORITÄT\\Netzwerkdienst\" (SID: S-1-5-20) unter der Adresse \"LocalHost (unter Verwendung von LRPC)\" keine Berechtigung vom Typ \"Lokal Aktivierung\" für die COM-Serveranwendung mit der CLSID \r\n{9EA82395-E31B-41CA-8DF7-EC1CEE7194DF}\r\n und der APPID \r\n{2ED83BAA-B2FD-43B1-99BF-E6149C622692}\r\n im Anwendungscontainer \"Nicht verfügbar\" (SID: Nicht verfügbar) gewährt. Die Sicherheitsberechtigung kann mit dem Verwaltungstool für Komponentendienste geändert werden."
  },
  {
    "Id": 219,
    "Version": 0,
    "Qualifiers": null,
    "Level": 3,
    "Task": 212,
    "Opcode": 0,
    "Keywords": -9223372036854767616,
    "RecordId": 171780,
    "ProviderName": "Microsoft-Windows-Kernel-PnP",
    "ProviderId": "9c205a39-1250-487d-abd7-e831c6290539",
    "LogName": "System",
    "ProcessId": 4,
    "ThreadId": 540,
    "MachineName": "Zoltrak",
    "UserId": {
      "BinaryLength": 12,
      "AccountDomainSid": null,
      "Value": "S-1-5-18"
    },
    "TimeCreated": "2026-09-05T23:17:08.5943222+02:00",
    "ActivityId": null,
    "RelatedActivityId": null,
    "ContainerLog": "System",
    "MatchedQueryIds": [
      0
    ],
    "Bookmark": {
      "BookmarkXml": "<BookmarkList Direction='backward'>\r\n  <Bookmark Channel='System' RecordId='171780' IsCurrent='true'/>\r\n</BookmarkList>"
    },
    "LevelDisplayName": "Warnung",
    "OpcodeDisplayName": "Info",
    "TaskDisplayName": null,
    "KeywordsDisplayNames": [],
    "Properties": [
      {
        "Value": 50
      },
      {
        "Value": "HID\\VID_19F7&PID_0003&MI_03&Col02\\8&481db5a&0&0001"
      },
      {
        "Value": 3221226341
      },
      {
        "Value": 14
      },
      {
        "Value": "\\Driver\\WUDFRd"
      },
      {
        "Value": 0
      }
    ],
    "Message": "Fehler beim Laden des Treibers \\Driver\\WUDFRd.\r\nGerät: HID\\VID_19F7&PID_0003&MI_03&Col02\\8&481db5a&0&0001\r\nStatus: 0xC0000365"
  },
  {
    "Id": 219,
    "Version": 0,
    "Qualifiers": null,
    "Level": 3,
    "Task": 212,
    "Opcode": 0,
    "Keywords": -9223372036854767616,
    "RecordId": 171743,
    "ProviderName": "Microsoft-Windows-Kernel-PnP",
    "ProviderId": "9c205a39-1250-487d-abd7-e831c6290539",
    "LogName": "System",
    "ProcessId": 4,
    "ThreadId": 540,
    "MachineName": "Zoltrak",
    "UserId": {
      "BinaryLength": 12,
      "AccountDomainSid": null,
      "Value": "S-1-5-18"
    },
    "TimeCreated": "2026-09-05T23:17:01.7350733+02:00",
    "ActivityId": null,
    "RelatedActivityId": null,
    "ContainerLog": "System",
    "MatchedQueryIds": [
      0
    ],
    "Bookmark": {
      "BookmarkXml": "<BookmarkList Direction='backward'>\r\n  <Bookmark Channel='System' RecordId='171743' IsCurrent='true'/>\r\n</BookmarkList>"
    },
    "LevelDisplayName": "Warnung",
    "OpcodeDisplayName": "Info",
    "TaskDisplayName": null,
    "KeywordsDisplayNames": [],
    "Properties": [
      {
        "Value": 60
      },
      {
        "Value": "PCI\\VEN_8086&DEV_AD03&SUBSYS_7E201462&REV_01\\3&11583659&0&20"
      },
      {
        "Value": 3221226341
      },
      {
        "Value": 14
      },
      {
        "Value": "\\Driver\\WUDFRd"
      },
      {
        "Value": 0
      }
    ],
    "Message": "Fehler beim Laden des Treibers \\Driver\\WUDFRd.\r\nGerät: PCI\\VEN_8086&DEV_AD03&SUBSYS_7E201462&REV_01\\3&11583659&0&20\r\nStatus: 0xC0000365"
  },
  {
    "Id": 219,
    "Version": 0,
    "Qualifiers": null,
    "Level": 3,
    "Task": 212,
    "Opcode": 0,
    "Keywords": -9223372036854767616,
    "RecordId": 171738,
    "ProviderName": "Microsoft-Windows-Kernel-PnP",
    "ProviderId": "9c205a39-1250-487d-abd7-e831c6290539",
    "LogName": "System",
    "ProcessId": 4,
    "ThreadId": 540,
    "MachineName": "Zoltrak",
    "UserId": {
      "BinaryLength": 12,
      "AccountDomainSid": null,
      "Value": "S-1-5-18"
    },
    "TimeCreated": "2026-09-05T23:17:00.8370151+02:00",
    "ActivityId": null,
    "RelatedActivityId": null,
    "ContainerLog": "System",
    "MatchedQueryIds": [
      0
    ],
    "Bookmark": {
      "BookmarkXml": "<BookmarkList Direction='backward'>\r\n  <Bookmark Channel='System' RecordId='171738' IsCurrent='true'/>\r\n</BookmarkList>"
    },
    "LevelDisplayName": "Warnung",
    "OpcodeDisplayName": "Info",
    "TaskDisplayName": null,
    "KeywordsDisplayNames": [],
    "Properties": [
      {
        "Value": 40
      },
      {
        "Value": "ROOT\\WINDOWSHELLOFACESOFTWAREDRIVER\\0000"
      },
      {
        "Value": 3221226341
      },
      {
        "Value": 14
      },
      {
        "Value": "\\Driver\\WUDFRd"
      },
      {
        "Value": 0
      }
    ],
    "Message": "Fehler beim Laden des Treibers \\Driver\\WUDFRd.\r\nGerät: ROOT\\WINDOWSHELLOFACESOFTWAREDRIVER\\0000\r\nStatus: 0xC0000365"
  },
  {
    "Id": 41,
    "Version": 10,
    "Qualifiers": null,
    "Level": 1,
    "Task": 63,
    "Opcode": 0,
    "Keywords": -9223301668110598142,
    "RecordId": 171720,
    "ProviderName": "Microsoft-Windows-Kernel-Power",
    "ProviderId": "331c3b3a-2005-44c2-ac5e-77220c37d6b4",
    "LogName": "System",
    "ProcessId": 4,
    "ThreadId": 8,
    "MachineName": "Zoltrak",
    "UserId": {
      "BinaryLength": 12,
      "AccountDomainSid": null,
      "Value": "S-1-5-18"
    },
    "TimeCreated": "2026-09-05T23:17:00.739166+02:00",
    "ActivityId": null,
    "RelatedActivityId": null,
    "ContainerLog": "System",
    "MatchedQueryIds": [
      0
    ],
    "Bookmark": {
      "BookmarkXml": "<BookmarkList Direction='backward'>\r\n  <Bookmark Channel='System' RecordId='171720' IsCurrent='true'/>\r\n</BookmarkList>"
    },
    "LevelDisplayName": "Kritisch",
    "OpcodeDisplayName": "Info",
    "TaskDisplayName": null,
    "KeywordsDisplayNames": [],
    "Properties": [
      {
        "Value": 0
      },
      {
        "Value": 0
      },
      {
        "Value": 0
      },
      {
        "Value": 0
      },
      {
        "Value": 0
      },
      {
        "Value": 0
      },
      {
        "Value": 134331165684262750
      },
      {
        "Value": 0
      },
      {
        "Value": 0
      },
      {
        "Value": false
      },
      {
        "Value": 0
      },
      {
        "Value": 0
      },
      {
        "Value": false
      },
      {
        "Value": 0
      },
      {
        "Value": 0
      },
      {
        "Value": false
      },
      {
        "Value": false
      },
      {
        "Value": 0
      },
      {
        "Value": 0
      },
      {
        "Value": 3
      },
      {
        "Value": 0
      }
    ],
    "Message": "Das System wurde neu gestartet, ohne dass es zuvor ordnungsgemäß heruntergefahren wurde. Dieser Fehler kann auftreten, wenn das System nicht mehr reagiert hat oder abgestürzt ist oder die Stromzufuhr unerwartet unterbrochen wurde."
  },
  {
    "Id": 6008,
    "Version": 0,
    "Qualifiers": 32768,
    "Level": 2,
    "Task": 0,
    "Opcode": 0,
    "Keywords": 36028797018963968,
    "RecordId": 171706,
    "ProviderName": "EventLog",
    "ProviderId": null,
    "LogName": "System",
    "ProcessId": 4364,
    "ThreadId": 4428,
    "MachineName": "Zoltrak",
    "UserId": null,
    "TimeCreated": "2026-09-05T23:17:15.8817264+02:00",
    "ActivityId": null,
    "RelatedActivityId": null,
    "ContainerLog": "System",
    "MatchedQueryIds": [
      0
    ],
    "Bookmark": {
      "BookmarkXml": "<BookmarkList Direction='backward'>\r\n  <Bookmark Channel='System' RecordId='171706' IsCurrent='true'/>\r\n</BookmarkList>"
    },
    "LevelDisplayName": "Fehler",
    "OpcodeDisplayName": null,
    "TaskDisplayName": "Kein",
    "KeywordsDisplayNames": [
      "Klassisch"
    ],
    "Properties": [
      {
        "Value": "23:06:34"
      },
      {
        "Value": "‎05.‎09.‎2026"
      },
      {
        "Value": ""
      },
      {
        "Value": ""
      },
      {
        "Value": "20"
      },
      {
        "Value": ""
      },
      {
        "Value": ""
      },
      {
        "Value": "234 7 9 0 6 0 5 0 23 0 6 0 34 0 252 0 234 7 9 0 6 0 5 0 21 0 6 0 34 0 252 0 60 0 0 0 60 0 0 0 0 0 0 0 0 0 0 0 0 0 0 0 0 0 0 0 1 0 0 0 0 0 0 0"
      }
    ],
    "Message": "Das System wurde zuvor am ‎05.‎09.‎2026 um 23:06:34 unerwartet heruntergefahren."
  }
]
